Arguments: 
  /usr/local/bin/node /usr/local/Cellar/yarn/1.22.18/libexec/bin/yarn.js add react-router-

PATH: 
  /usr/local/bin:/usr/bin:/bin:/usr/sbin:/sbin:/Users/diyapathak/ch-darwin-amd64:/Users/diyapathak/ch-darwin-amd64:/Users/diyapathak/ch-darwin-amd64

Yarn version: 
  1.22.18

Node version: 
  16.15.0

Platform: 
  darwin x64

Trace: 
  Error: https://registry.yarnpkg.com/react-router-: Not found
      at Request.params.callback [as _callback] (/usr/local/Cellar/yarn/1.22.18/libexec/lib/cli.js:66138:18)
      at Request.self.callback (/usr/local/Cellar/yarn/1.22.18/libexec/lib/cli.js:140883:22)
      at Request.emit (node:events:527:28)
      at Request.<anonymous> (/usr/local/Cellar/yarn/1.22.18/libexec/lib/cli.js:141855:10)
      at Request.emit (node:events:527:28)
      at IncomingMessage.<anonymous> (/usr/local/Cellar/yarn/1.22.18/libexec/lib/cli.js:141777:12)
      at Object.onceWrapper (node:events:641:28)
      at IncomingMessage.emit (node:events:539:35)
      at endReadableNT (node:internal/streams/readable:1345:12)
      at processTicksAndRejections (node:internal/process/task_queues:83:21)

npm manifest: 
  {
    "dependencies": {
      "react-router": "^6.3.0",
      "react-router-dom": "6"
    }
  }

yarn manifest: 
  No manifest

Lockfile: 
  # THIS IS AN AUTOGENERATED FILE. DO NOT EDIT THIS FILE DIRECTLY.
  # yarn lockfile v1
  
  
  "@babel/runtime@^7.7.6":
    "integrity" "sha512-lSiBBvodq29uShpWGNbgFdKYNiFDo5/HIYsaCEY9ff4sb10x9jizo2+pRrSyF4jKZCXqgzuqBOQKbUm90gQwJg=="
    "resolved" "https://registry.npmjs.org/@babel/runtime/-/runtime-7.17.9.tgz"
    "version" "7.17.9"
    dependencies:
      "regenerator-runtime" "^0.13.4"
  
  "history@^5.2.0":
    "integrity" "sha512-ZqaKwjjrAYUYfLG+htGaIIZ4nioX2L70ZUMIFysS3xvBsSG4x/n1V6TXV3N8ZYNuFGlDirFg32T7B6WOUPDYcQ=="
    "resolved" "https://registry.npmjs.org/history/-/history-5.3.0.tgz"
    "version" "5.3.0"
    dependencies:
      "@babel/runtime" "^7.7.6"
  
  "js-tokens@^3.0.0 || ^4.0.0":
    "integrity" "sha512-RdJUflcE3cUzKiMqQgsCu06FPu9UdIJO0beYbPhHN4k6apgJtifcoCtT9bcxOpYBtpD2kCM6Sbzg4CausW/PKQ=="
    "resolved" "https://registry.npmjs.org/js-tokens/-/js-tokens-4.0.0.tgz"
    "version" "4.0.0"
  
  "loose-envify@^1.1.0":
    "integrity" "sha512-lyuxPGr/Wfhrlem2CL/UcnUc1zcqKAImBDzukY7Y5F/yQiNdko6+fRLevlw1HgMySw7f611UIY408EtxRSoK3Q=="
    "resolved" "https://registry.npmjs.org/loose-envify/-/loose-envify-1.4.0.tgz"
    "version" "1.4.0"
    dependencies:
      "js-tokens" "^3.0.0 || ^4.0.0"
  
  "react-dom@>=16.8":
    "integrity" "sha512-fU1Txz7Budmvamp7bshe4Zi32d0ll7ect+ccxNu9FlObT605GOEB8BfO4tmRJ39R5Zj831VCpvQ05QPBW5yb+w=="
    "resolved" "https://registry.npmjs.org/react-dom/-/react-dom-18.1.0.tgz"
    "version" "18.1.0"
    dependencies:
      "loose-envify" "^1.1.0"
      "scheduler" "^0.22.0"
  
  "react-router-dom@6":
    "integrity" "sha512-uaJj7LKytRxZNQV8+RbzJWnJ8K2nPsOOEuX7aQstlMZKQT0164C+X2w6bnkqU3sjtLvpd5ojrezAyfZ1+0sStw=="
    "resolved" "https://registry.npmjs.org/react-router-dom/-/react-router-dom-6.3.0.tgz"
    "version" "6.3.0"
    dependencies:
      "history" "^5.2.0"
      "react-router" "6.3.0"
  
  "react-router@^6.3.0", "react-router@6.3.0":
    "integrity" "sha512-7Wh1DzVQ+tlFjkeo+ujvjSqSJmkt1+8JO+T5xklPlgrh70y7ogx75ODRW0ThWhY7S+6yEDks8TYrtQe/aoboBQ=="
    "resolved" "https://registry.npmjs.org/react-router/-/react-router-6.3.0.tgz"
    "version" "6.3.0"
    dependencies:
      "history" "^5.2.0"
  
  "react@^18.1.0", "react@>=16.8":
    "integrity" "sha512-4oL8ivCz5ZEPyclFQXaNksK3adutVS8l2xzZU0cqEFrE9Sb7fC0EFK5uEk74wIreL1DERyjvsU915j1pcT2uEQ=="
    "resolved" "https://registry.npmjs.org/react/-/react-18.1.0.tgz"
    "version" "18.1.0"
    dependencies:
      "loose-envify" "^1.1.0"
  
  "regenerator-runtime@^0.13.4":
    "integrity" "sha512-p3VT+cOEgxFsRRA9X4lkI1E+k2/CtnKtU4gcxyaCUreilL/vqI6CdZ3wxVUx3UOUg+gnUOQQcRI7BmSI656MYA=="
    "resolved" "https://registry.npmjs.org/regenerator-runtime/-/regenerator-runtime-0.13.9.tgz"
    "version" "0.13.9"
  
  "scheduler@^0.22.0":
    "integrity" "sha512-6QAm1BgQI88NPYymgGQLCZgvep4FyePDWFpXVK+zNSUgHwlqpJy8VEh8Et0KxTACS4VWwMousBElAZOH9nkkoQ=="
    "resolved" "https://registry.npmjs.org/scheduler/-/scheduler-0.22.0.tgz"
    "version" "0.22.0"
    dependencies:
      "loose-envify" "^1.1.0"
